<?xml version="1.0" encoding="UTF-8"?>
<testsuite xmlns:xsi="http://www.w3.org/2001/XMLSchema-instance" xsi:noNamespaceSchemaLocation="https://maven.apache.org/surefire/maven-surefire-plugin/xsd/surefire-test-report-3.0.xsd" version="3.0" name="com.example.AutomationAws.AutomationAwsApplicationTests" time="2.437" tests="1" errors="0" skipped="0" failures="0">
  <properties>
[...]
</properties>
  <testcase name="contextLoads" classname="com.example.AutomationAws.AutomationAwsApplicationTests" time="0.795">
    <system-out><![CDATA[12:04:06.627 [main] INFO org.springframework.test.context.support.AnnotationConfigContextLoaderUtils -- Could not detect default configuration classes for test class [com.example.AutomationAws.AutomationAwsApplicationTests]: AutomationAwsApplicationTests does not declare any static, non-private, non-final, nested classes annotated with @Configuration.
12:04:06.719 [main] INFO org.springframework.boot.test.context.SpringBootTestContextBootstrapper -- Found @SpringBootConfiguration com.example.AutomationAws.AutomationAwsApplication for test class com.example.AutomationAws.AutomationAwsApplicationTests
12:04:06.887 [main] INFO org.springframework.boot.devtools.restart.RestartApplicationListener -- Restart disabled due to context in which it is running

  .   ____          _            __ _ _
 /\\ / ___'_ __ _ _(_)_ __  __ _ \ \ \ \
( ( )\___ | '_ | '_| | '_ \/ _` | \ \ \ \
 \\/  ___)| |_)| | | | | || (_| |  ) ) ) )
  '  |____| .__|_| |_|_| |_\__, | / / / /
 =========|_|==============|___/=/_/_/_/

 :: Spring Boot ::                (v3.3.2)

2024-08-20T12:04:07.116+05:30  INFO 5284 --- [AutomationAws] [           main] c.e.A.AutomationAwsApplicationTests      : Starting AutomationAwsApplicationTests using Java 21.0.3 with PID 5284 (started by silam in C:\Users\silam\Documents\workspace-spring-tool-suite-4-4.23.1.RELEASE\AutomationAws)
2024-08-20T12:04:07.118+05:30  INFO 5284 --- [AutomationAws] [           main] c.e.A.AutomationAwsApplicationTests      : No active profile set, falling back to 1 default profile: "default"
2024-08-20T12:04:08.085+05:30  INFO 5284 --- [AutomationAws] [           main] c.e.A.AutomationAwsApplicationTests      : Started AutomationAwsApplicationTests in 1.212 seconds (process running for 2.16)
]]></system-out>
    <system-err><![CDATA[WARNING: A Java agent has been loaded dynamically (C:\Users\silam\.m2\repository\net\bytebuddy\byte-buddy-agent\1.14.18\byte-buddy-agent-1.14.18.jar)
WARNING: If a serviceability tool is in use, please run with -XX:+EnableDynamicAgentLoading to hide this warning
WARNING: If a serviceability tool is not in use, please run with -Djdk.instrument.traceUsage for more information
WARNING: Dynamic loading of agents will be disallowed by default in a future release
]]></system-err>
  </testcase>
</testsuite>